{
  "RSpec": {
    "coverage": {
      "/Users/rcasias/turing-mod1/final-solo-project/enigma/lib/keyable.rb": {
        "lines": [
          1,
          null,
          1,
          1,
          null,
          null,
          1,
          0,
          null,
          null,
          1,
          7,
          7,
          null,
          null,
          1,
          22,
          22,
          110,
          22,
          88,
          22,
          null,
          66,
          66,
          null,
          null,
          22,
          null,
          null,
          1,
          18,
          18,
          null,
          null,
          1,
          14,
          56,
          null,
          null,
          null
        ]
      },
      "/Users/rcasias/turing-mod1/final-solo-project/enigma/lib/offsetable.rb": {
        "lines": [
          1,
          null,
          1,
          1,
          null,
          null,
          1,
          8,
          null,
          null,
          null,
          1,
          7,
          7,
          null,
          null,
          1,
          26,
          null,
          null,
          1,
          22,
          null,
          null,
          1,
          18,
          18,
          18,
          null,
          null,
          1,
          70,
          null,
          null
        ]
      },
      "/Users/rcasias/turing-mod1/final-solo-project/enigma/lib/codeable.rb": {
        "lines": [
          1,
          1,
          1,
          null,
          1,
          null,
          null,
          1,
          0,
          0,
          null,
          null,
          1,
          10,
          null,
          null,
          1,
          10,
          null,
          null,
          1,
          3,
          3,
          12,
          null,
          null,
          null,
          null,
          1,
          3,
          3,
          12,
          null,
          null,
          null,
          null
        ]
      },
      "/Users/rcasias/turing-mod1/final-solo-project/enigma/lib/encryptable.rb": {
        "lines": [
          1,
          null,
          1,
          1,
          1,
          null,
          1,
          0,
          null,
          null,
          1,
          12,
          12,
          118,
          10,
          null,
          108,
          null,
          null,
          null,
          null,
          12,
          null,
          null,
          1,
          156,
          156,
          4212,
          156,
          null,
          4056,
          null,
          null,
          156,
          null,
          null,
          1,
          90,
          90,
          2430,
          null,
          null,
          null,
          1,
          7,
          7,
          82,
          77,
          null,
          5,
          null,
          null,
          7,
          null,
          null,
          1,
          4,
          4,
          46,
          44,
          null,
          2,
          null,
          null,
          4,
          null,
          null,
          1,
          2,
          null,
          null,
          null
        ]
      },
      "/Users/rcasias/turing-mod1/final-solo-project/enigma/lib/decryptable.rb": {
        "lines": [
          1,
          null,
          1,
          1,
          1,
          1,
          null,
          1,
          252,
          null,
          null,
          1,
          12,
          12,
          119,
          10,
          null,
          109,
          null,
          null,
          12,
          null,
          null,
          null,
          1,
          7,
          7,
          83,
          77,
          null,
          6,
          null,
          null,
          7,
          null,
          null,
          1,
          4,
          4,
          47,
          44,
          null,
          3,
          null,
          null,
          4,
          null,
          null,
          1,
          4,
          null,
          null,
          null
        ]
      },
      "/Users/rcasias/turing-mod1/final-solo-project/enigma/lib/enigma.rb": {
        "lines": [
          1,
          null,
          1,
          1,
          1,
          1,
          1,
          null,
          1,
          null,
          null,
          null,
          null,
          null,
          1,
          0,
          0,
          0,
          0,
          0,
          null,
          null,
          1,
          3,
          null,
          null,
          null,
          1,
          2,
          null,
          null,
          1,
          null,
          2,
          2,
          2,
          2,
          2,
          2,
          2,
          2,
          2,
          2,
          2,
          null,
          null,
          null,
          null,
          null,
          null,
          1,
          1,
          1,
          1,
          1,
          1,
          1,
          1,
          1,
          1,
          1,
          1,
          null,
          null,
          null,
          null,
          null,
          null
        ]
      },
      "/Users/rcasias/turing-mod1/final-solo-project/enigma/spec/decryptable_spec.rb": {
        "lines": [
          1,
          1,
          1,
          1,
          1,
          1,
          1,
          1,
          1,
          null,
          1,
          null,
          1,
          null,
          1,
          1,
          1,
          1,
          null,
          null,
          1,
          6,
          1,
          1,
          1,
          1,
          1,
          null,
          null,
          1,
          1,
          null,
          null,
          1,
          1,
          null,
          null,
          1,
          4,
          1,
          1,
          1,
          null,
          null,
          1,
          4,
          1,
          1,
          1,
          null,
          null,
          null
        ]
      },
      "/Users/rcasias/turing-mod1/final-solo-project/enigma/spec/encryptabel_spec.rb": {
        "lines": [
          1,
          1,
          1,
          1,
          1,
          1,
          1,
          1,
          1,
          null,
          1,
          null,
          1,
          null,
          null,
          1,
          1,
          1,
          1,
          null,
          null,
          1,
          6,
          1,
          1,
          1,
          1,
          1,
          null,
          null,
          1,
          1,
          null,
          null,
          1,
          1,
          null,
          null,
          1,
          4,
          1,
          1,
          1,
          null,
          null,
          1,
          3,
          1,
          1,
          null,
          null,
          null
        ]
      },
      "/Users/rcasias/turing-mod1/final-solo-project/enigma/spec/enigma_spec.rb": {
        "lines": [
          1,
          1,
          1,
          1,
          1,
          1,
          1,
          1,
          1,
          null,
          1,
          null,
          1,
          1,
          null,
          1,
          null,
          null,
          null,
          null,
          1,
          1,
          1,
          1,
          1,
          null,
          1,
          null,
          null,
          1,
          1,
          1,
          1,
          1,
          null,
          1,
          null,
          null,
          1,
          1,
          2,
          1,
          2,
          null,
          1,
          null,
          null,
          null,
          null,
          1,
          null,
          null,
          1,
          1,
          null,
          1,
          null,
          null,
          null,
          null,
          null,
          1,
          null,
          null,
          1,
          1,
          null,
          1,
          null,
          null,
          null,
          null,
          null,
          1,
          null,
          null,
          null
        ]
      },
      "/Users/rcasias/turing-mod1/final-solo-project/enigma/spec/keyable_spec.rb": {
        "lines": [
          1,
          1,
          1,
          1,
          null,
          1,
          null,
          1,
          null,
          1,
          1,
          null,
          null,
          1,
          3,
          null,
          1,
          1,
          null,
          null,
          1,
          2,
          null,
          1,
          null,
          null,
          1,
          2,
          null,
          1,
          null,
          null,
          1,
          2,
          null,
          1,
          null,
          null,
          1,
          2,
          null,
          1,
          null,
          null,
          null
        ]
      },
      "/Users/rcasias/turing-mod1/final-solo-project/enigma/spec/offsetable_spec.rb": {
        "lines": [
          1,
          1,
          1,
          1,
          1,
          1,
          null,
          1,
          null,
          1,
          null,
          null,
          null,
          null,
          1,
          1,
          null,
          null,
          1,
          1,
          2,
          1,
          null,
          null,
          1,
          1,
          2,
          1,
          null,
          null,
          1,
          1,
          2,
          null,
          1,
          null,
          null,
          1,
          1,
          1,
          null,
          null,
          1,
          1,
          1,
          null,
          null,
          null
        ]
      }
    },
    "timestamp": 1619460365
  }
}
